<?xml version="1.0" encoding="UTF-8"?>
<!-- Generated by org.testng.reporters.JUnitReportReporter -->
<testsuite hostname="DESKTOP-AD27D2M" failures="0" tests="1" name="com.ibm.jenkin.com.ibm.jenkin.Applaunch" time="0.004" errors="0" timestamp="04 Jan 2019 11:06:29 GMT" skipped="0">
  <testcase classname="com.ibm.jenkin.com.ibm.jenkin.Applaunch" name="f" time="0.004"/>
</testsuite> <!-- com.ibm.jenkin.com.ibm.jenkin.Applaunch -->
